<?xml version="1.0" encoding="UTF-8"?>
<!-- Generated by org.testng.reporters.JUnitXMLReporter -->
<testsuite hostname="DESKTOP-UBQJ9QQ" ignored="0" name="VerifyLowestFirstPriceFilter Test" tests="1" failures="1" timestamp="17 Jun 2020 08:23:37 GMT" time="33.866" errors="0">
  <testcase name="verifyLowestFirstPriceListInProduct_detailsPage" time="26.923" classname="com.Sample.CompanyName.ProjectName.testScripts.productDetailsPage.VerifyLowestFirstPriceFilter">
    <failure type="org.openqa.selenium.ElementClickInterceptedException" message="element click intercepted: Element &amp;lt;a href=&amp;quot;http://automationpractice.com/index.php?id_category=3&amp;amp;amp;controller=category&amp;quot; title=&amp;quot;...&amp;quot; class=&amp;quot;sf-with-ul&amp;quot;&amp;gt;Women&amp;lt;/a&amp;gt; is not clickable at point (594, 269). Other element would receive the click: &amp;lt;h2&amp;gt;...&amp;lt;/h2&amp;gt;
  (Session info: chrome=83.0.4103.97)
Build info: version: &amp;apos;3.141.59&amp;apos;, revision: &amp;apos;e82be7d358&amp;apos;, time: &amp;apos;2018-11-14T08:17:03&amp;apos;
System info: host: &amp;apos;DESKTOP-UBQJ9QQ&amp;apos;, ip: &amp;apos;192.168.43.141&amp;apos;, os.name: &amp;apos;Windows 10&amp;apos;, os.arch: &amp;apos;amd64&amp;apos;, os.version: &amp;apos;10.0&amp;apos;, java.version: &amp;apos;1.8.0_181&amp;apos;
Driver info: org.openqa.selenium.chrome.ChromeDriver
Capabilities {acceptInsecureCerts: false, browserName: chrome, browserVersion: 83.0.4103.97, chrome: {chromedriverVersion: 83.0.4103.39 (ccbf011cb2d2b..., userDataDir: C:\Users\Prade\AppData\Loca...}, goog:chromeOptions: {debuggerAddress: localhost:53154}, javascriptEnabled: true, networkConnectionEnabled: false, pageLoadStrategy: normal, platform: WINDOWS, platformName: WINDOWS, proxy: Proxy(), setWindowRect: true, strictFileInteractability: false, timeouts: {implicit: 0, pageLoad: 300000, script: 30000}, unhandledPromptBehavior: dismiss and notify, webauthn:virtualAuthenticators: true}
Session ID: 22c8905e598dae8647630b94329eb6ff">
      <![CDATA[org.openqa.selenium.ElementClickInterceptedException: element click intercepted: Element <a href="http://automationpractice.com/index.php?id_category=3&amp;controller=category" title="..." class="sf-with-ul">Women</a> is not clickable at point (594, 269). Other element would receive the click: <h2>...</h2>
  (Session info: chrome=83.0.4103.97)
Build info: version: '3.141.59', revision: 'e82be7d358', time: '2018-11-14T08:17:03'
System info: host: 'DESKTOP-UBQJ9QQ', ip: '192.168.43.141', os.name: 'Windows 10', os.arch: 'amd64', os.version: '10.0', java.version: '1.8.0_181'
Driver info: org.openqa.selenium.chrome.ChromeDriver
Capabilities {acceptInsecureCerts: false, browserName: chrome, browserVersion: 83.0.4103.97, chrome: {chromedriverVersion: 83.0.4103.39 (ccbf011cb2d2b..., userDataDir: C:\Users\Prade\AppData\Loca...}, goog:chromeOptions: {debuggerAddress: localhost:53154}, javascriptEnabled: true, networkConnectionEnabled: false, pageLoadStrategy: normal, platform: WINDOWS, platformName: WINDOWS, proxy: Proxy(), setWindowRect: true, strictFileInteractability: false, timeouts: {implicit: 0, pageLoad: 300000, script: 30000}, unhandledPromptBehavior: dismiss and notify, webauthn:virtualAuthenticators: true}
Session ID: 22c8905e598dae8647630b94329eb6ff
at org.openqa.selenium.remote.http.W3CHttpResponseCodec.createException(W3CHttpResponseCodec.java:187)
at org.openqa.selenium.remote.http.W3CHttpResponseCodec.decode(W3CHttpResponseCodec.java:122)
at org.openqa.selenium.remote.http.W3CHttpResponseCodec.decode(W3CHttpResponseCodec.java:49)
at org.openqa.selenium.remote.HttpCommandExecutor.execute(HttpCommandExecutor.java:158)
at org.openqa.selenium.remote.service.DriverCommandExecutor.execute(DriverCommandExecutor.java:83)
at org.openqa.selenium.remote.RemoteWebDriver.execute(RemoteWebDriver.java:552)
at org.openqa.selenium.remote.RemoteWebElement.execute(RemoteWebElement.java:285)
at org.openqa.selenium.remote.RemoteWebElement.click(RemoteWebElement.java:84)
at org.openqa.selenium.support.pagefactory.internal.LocatingElementHandler.invoke(LocatingElementHandler.java:51)
at com.sun.proxy.$Proxy13.click(Unknown Source)
at com.Sample.CompanyName.ProjectName.pageObjects.NavigationMenu.clickOnMenu(NavigationMenu.java:61)
at com.Sample.CompanyName.ProjectName.testScripts.productDetailsPage.VerifyLowestFirstPriceFilter.verifyLowestFirstPriceListInProduct_detailsPage(VerifyLowestFirstPriceFilter.java:32)
... Removed 33 stack frames]]>
    </failure>
  </testcase> <!-- verifyLowestFirstPriceListInProduct_detailsPage -->
</testsuite> <!-- VerifyLowestFirstPriceFilter Test -->
